2024-04-07 12:54:00,402 [Worker-8: Loading available Gradle versions] INFO  o.e.b.c.i.u.g.PublishedGradleVersions - Gradle version information cache is out-of-date. Trying to update.
2024-04-07 12:54:23,001 [Worker-13: Update Maven projects configuration] INFO  o.e.m.c.i.p.ProjectConfigurationManager - Update started
2024-04-07 12:54:24,434 [Worker-13: Update Maven projects configuration] INFO  o.e.m.c.i.l.LifecycleMappingFactory - Using org.eclipse.m2e.jdt.JarLifecycleMapping lifecycle mapping for MavenProject: com.devteria:identity-service:0.0.1-SNAPSHOT @ E:\identity-service-master\identity-service-master\pom.xml.
2024-04-07 12:54:25,606 [Worker-13: Update Maven projects configuration] INFO  o.e.m.j.i.AbstractJavaProjectConfigurator - Adding source folder /identity-service-master_identity-service-master/src/main/java
2024-04-07 12:54:25,607 [Worker-13: Update Maven projects configuration] INFO  o.e.m.j.i.AbstractJavaProjectConfigurator - Adding resource folder /identity-service-master_identity-service-master/src/main/resources
2024-04-07 12:54:25,613 [Worker-13: Update Maven projects configuration] INFO  o.e.m.j.i.AbstractJavaProjectConfigurator - Adding resource folder /identity-service-master_identity-service-master/src/main/resources
2024-04-07 12:54:25,627 [Worker-13: Update Maven projects configuration] INFO  o.e.m.j.i.AbstractJavaProjectConfigurator - Adding source folder /identity-service-master_identity-service-master/src/test/java
2024-04-07 12:54:25,628 [Worker-13: Update Maven projects configuration] INFO  o.e.m.j.i.AbstractJavaProjectConfigurator - Adding resource folder /identity-service-master_identity-service-master/src/test/resources
2024-04-07 12:54:25,631 [Worker-13: Update Maven projects configuration] ERROR o.e.m.j.i.AbstractJavaProjectConfigurator - Failed to find a compatible VM for environment id 'JavaSE-21', falling back to workspace default
2024-04-07 12:54:29,259 [Worker-13: Update Maven projects configuration] INFO  o.e.m.c.i.p.ProjectConfigurationManager - Update completed for 1 poms: local refresh takes 0.00 sec, refresh facades takes 2.00 sec, update config takes 3.00 sec 
2024-04-07 12:54:30,867 [Worker-15: Building] INFO  o.a.m.s.f.DefaultMavenResourcesFiltering - Copying 1 resource from src\main\resources to target\classes
2024-04-07 12:54:30,909 [Worker-15: Building] INFO  o.a.m.s.f.DefaultMavenResourcesFiltering - Copying 0 resource from src\main\resources to target\classes
2024-04-07 12:54:30,916 [Worker-15: Building] INFO  o.a.m.s.f.DefaultMavenResourcesFiltering - skip non existing resourceDirectory E:\identity-service-master\identity-service-master\src\test\resources
2024-04-07 12:56:44,017 [Worker-8: Update Maven projects configuration] INFO  o.e.m.c.i.p.ProjectConfigurationManager - Update started
2024-04-07 12:56:44,616 [Worker-8: Update Maven projects configuration] INFO  o.e.m.c.i.l.LifecycleMappingFactory - Using org.eclipse.m2e.jdt.JarLifecycleMapping lifecycle mapping for MavenProject: com.devteria:identity-service:0.0.1-SNAPSHOT @ E:\DownLoad\identity-service-course-config-spring-security\identity-service-course-config-spring-security\pom.xml.
2024-04-07 12:56:45,114 [Worker-8: Update Maven projects configuration] INFO  o.e.m.j.i.AbstractJavaProjectConfigurator - Adding source folder /identity-service-course-config-spring-security_identity-service-course-config-spring-security/src/main/java
2024-04-07 12:56:45,114 [Worker-8: Update Maven projects configuration] INFO  o.e.m.j.i.AbstractJavaProjectConfigurator - Adding resource folder /identity-service-course-config-spring-security_identity-service-course-config-spring-security/src/main/resources
2024-04-07 12:56:45,129 [Worker-8: Update Maven projects configuration] INFO  o.e.m.j.i.AbstractJavaProjectConfigurator - Adding resource folder /identity-service-course-config-spring-security_identity-service-course-config-spring-security/src/main/resources
2024-04-07 12:56:45,138 [Worker-8: Update Maven projects configuration] INFO  o.e.m.j.i.AbstractJavaProjectConfigurator - Adding source folder /identity-service-course-config-spring-security_identity-service-course-config-spring-security/src/test/java
2024-04-07 12:56:45,139 [Worker-8: Update Maven projects configuration] INFO  o.e.m.j.i.AbstractJavaProjectConfigurator - Adding resource folder /identity-service-course-config-spring-security_identity-service-course-config-spring-security/src/test/resources
2024-04-07 12:56:46,183 [Worker-8: Update Maven projects configuration] INFO  o.e.m.c.i.p.ProjectConfigurationManager - Update completed for 1 poms: local refresh takes 0.00 sec, refresh facades takes 1.00 sec, update config takes 1.00 sec 
2024-04-07 12:56:47,774 [Worker-3: Building] INFO  o.a.m.s.f.DefaultMavenResourcesFiltering - Copying 1 resource from src\main\resources to target\classes
2024-04-07 12:56:47,793 [Worker-3: Building] INFO  o.a.m.s.f.DefaultMavenResourcesFiltering - Copying 0 resource from src\main\resources to target\classes
2024-04-07 12:56:47,797 [Worker-3: Building] INFO  o.a.m.s.f.DefaultMavenResourcesFiltering - skip non existing resourceDirectory E:\DownLoad\identity-service-course-config-spring-security\identity-service-course-config-spring-security\src\test\resources
